2023-10-27 11:41:46 INFO  StepDefinitions:64 - the Site is opened succesfully
2023-10-27 11:41:46 INFO  StepDefinitions:69 - the Login logo is visible
2023-10-27 11:41:46 INFO  StepDefinitions:74 - the Username input field is visible
2023-10-27 11:41:47 INFO  StepDefinitions:79 - the Password input field is visible
2023-10-27 11:41:47 INFO  StepDefinitions:84 - the Login button is visible
2023-10-27 11:41:47 INFO  StepDefinitions:89 - the Credentials helper is visible
2023-10-27 11:41:47 INFO  StepDefinitions:49 - The '1. The home page is loaded'scenario ran successfully.
2023-10-27 11:41:50 INFO  StepDefinitions:64 - the Site is opened succesfully
2023-10-27 11:41:51 INFO  StepDefinitions:98 - The username is typed into the field
2023-10-27 11:41:51 INFO  StepDefinitions:104 - The password is typed into the field
2023-10-27 11:41:51 INFO  StepDefinitions:111 - The login button is clicked
2023-10-27 11:41:51 INFO  StepDefinitions:116 - The App logo is visible
2023-10-27 11:41:51 INFO  StepDefinitions:121 - The Products title is visible
2023-10-27 11:41:52 INFO  StepDefinitions:126 - 6 products are visible
2023-10-27 11:41:52 INFO  StepDefinitions:49 - The '2. The login is successful with the correct credentials'scenario ran successfully.
2023-10-27 11:41:55 INFO  StepDefinitions:64 - the Site is opened succesfully
2023-10-27 11:41:56 INFO  StepDefinitions:98 - The username is typed into the field
2023-10-27 11:41:56 INFO  StepDefinitions:104 - The password is typed into the field
2023-10-27 11:41:56 INFO  StepDefinitions:111 - The login button is clicked
2023-10-27 11:41:56 INFO  StepDefinitions:116 - The App logo is visible
2023-10-27 11:41:56 INFO  StepDefinitions:121 - The Products title is visible
2023-10-27 11:41:57 INFO  StepDefinitions:126 - 6 products are visible
2023-10-27 11:41:57 INFO  StepDefinitions:49 - The '2. The login is successful with the correct credentials'scenario ran successfully.
2023-10-27 11:42:00 INFO  StepDefinitions:64 - the Site is opened succesfully
2023-10-27 11:42:00 INFO  StepDefinitions:98 - The username is typed into the field
2023-10-27 11:42:01 INFO  StepDefinitions:104 - The password is typed into the field
2023-10-27 11:42:01 INFO  StepDefinitions:111 - The login button is clicked
2023-10-27 11:42:01 INFO  StepDefinitions:132 - The error message is visible
2023-10-27 11:42:01 INFO  StepDefinitions:49 - The '3. The login is not successful with the incorrect credentials'scenario ran successfully.
2023-10-27 11:42:05 INFO  StepDefinitions:64 - the Site is opened succesfully
2023-10-27 11:42:05 INFO  StepDefinitions:98 - The username is typed into the field
2023-10-27 11:42:05 INFO  StepDefinitions:104 - The password is typed into the field
2023-10-27 11:42:05 INFO  StepDefinitions:111 - The login button is clicked
2023-10-27 11:42:05 INFO  StepDefinitions:132 - The error message is visible
2023-10-27 11:42:06 INFO  StepDefinitions:139 - The Login error close button is clicked
2023-10-27 11:42:16 INFO  StepDefinitions:144 - The error message is not displayed
2023-10-27 11:42:26 INFO  StepDefinitions:150 - The error icons are not displayed
2023-10-27 11:42:26 INFO  StepDefinitions:49 - The '4. The clicking of the close button on the error message hides the error message and error icons'scenario ran successfully.
2023-10-27 11:42:29 INFO  StepDefinitions:64 - the Site is opened succesfully
2023-10-27 11:42:30 INFO  StepDefinitions:164 - The username is typed into the field
2023-10-27 11:42:30 INFO  StepDefinitions:170 - The password is typed into the field
2023-10-27 11:42:30 INFO  StepDefinitions:111 - The login button is clicked
2023-10-27 11:42:31 INFO  StepDefinitions:126 - 6 products are visible
2023-10-27 11:42:31 INFO  StepDefinitions:156 - The sorting dropdown box is clicked
2023-10-27 11:42:31 INFO  StepDefinitions:176 - The options are in the dropdown list
2023-10-27 11:42:31 INFO  StepDefinitions:49 - The '1. Verifying the default option in the dropdown menu'scenario ran successfully.
2023-10-27 11:42:35 INFO  StepDefinitions:64 - the Site is opened succesfully
2023-10-27 11:42:35 INFO  StepDefinitions:164 - The username is typed into the field
2023-10-27 11:42:35 INFO  StepDefinitions:170 - The password is typed into the field
2023-10-27 11:42:35 INFO  StepDefinitions:111 - The login button is clicked
2023-10-27 11:42:35 INFO  StepDefinitions:121 - The Products title is visible
2023-10-27 11:42:35 INFO  StepDefinitions:190 - The menu button is clicked
2023-10-27 11:42:36 INFO  StepDefinitions:183 - TheAll itemsitem is visible in the menu
2023-10-27 11:42:36 INFO  StepDefinitions:49 - The '2. Verifying the menu visibility'scenario ran successfully.
2023-10-27 11:42:39 INFO  StepDefinitions:64 - the Site is opened succesfully
2023-10-27 11:42:40 INFO  StepDefinitions:164 - The username is typed into the field
2023-10-27 11:42:40 INFO  StepDefinitions:170 - The password is typed into the field
2023-10-27 11:42:40 INFO  StepDefinitions:111 - The login button is clicked
2023-10-27 11:42:40 INFO  StepDefinitions:121 - The Products title is visible
2023-10-27 11:42:40 INFO  StepDefinitions:190 - The menu button is clicked
2023-10-27 11:42:41 INFO  StepDefinitions:183 - TheAboutitem is visible in the menu
2023-10-27 11:42:41 INFO  StepDefinitions:49 - The '2. Verifying the menu visibility'scenario ran successfully.
2023-10-27 11:42:44 INFO  StepDefinitions:64 - the Site is opened succesfully
2023-10-27 11:42:45 INFO  StepDefinitions:164 - The username is typed into the field
2023-10-27 11:42:45 INFO  StepDefinitions:170 - The password is typed into the field
2023-10-27 11:42:45 INFO  StepDefinitions:111 - The login button is clicked
2023-10-27 11:42:45 INFO  StepDefinitions:121 - The Products title is visible
2023-10-27 11:42:46 INFO  StepDefinitions:190 - The menu button is clicked
2023-10-27 11:42:46 INFO  StepDefinitions:183 - TheLogoutitem is visible in the menu
2023-10-27 11:42:46 INFO  StepDefinitions:49 - The '2. Verifying the menu visibility'scenario ran successfully.
2023-10-27 11:42:49 INFO  StepDefinitions:64 - the Site is opened succesfully
2023-10-27 11:42:49 INFO  StepDefinitions:164 - The username is typed into the field
2023-10-27 11:42:50 INFO  StepDefinitions:170 - The password is typed into the field
2023-10-27 11:42:50 INFO  StepDefinitions:111 - The login button is clicked
2023-10-27 11:42:50 INFO  StepDefinitions:121 - The Products title is visible
2023-10-27 11:42:50 INFO  StepDefinitions:190 - The menu button is clicked
2023-10-27 11:42:50 INFO  StepDefinitions:183 - TheReset App Stateitem is visible in the menu
2023-10-27 11:42:50 INFO  StepDefinitions:49 - The '2. Verifying the menu visibility'scenario ran successfully.
2023-10-27 11:42:54 INFO  StepDefinitions:64 - the Site is opened succesfully
2023-10-27 11:42:54 INFO  StepDefinitions:164 - The username is typed into the field
2023-10-27 11:42:54 INFO  StepDefinitions:170 - The password is typed into the field
2023-10-27 11:42:54 INFO  StepDefinitions:111 - The login button is clicked
2023-10-27 11:42:55 INFO  StepDefinitions:126 - 6 products are visible
2023-10-27 11:42:55 INFO  StepDefinitions:196 - The Add to cart button is clicked
2023-10-27 11:42:55 INFO  StepDefinitions:203 - The remove button is visible
2023-10-27 11:42:55 INFO  StepDefinitions:49 - The '3. The Add to cart button of an item changes to remove when I add it to the shopping cart'scenario ran successfully.
2023-10-27 11:42:59 INFO  StepDefinitions:64 - the Site is opened succesfully
2023-10-27 11:42:59 INFO  StepDefinitions:164 - The username is typed into the field
2023-10-27 11:42:59 INFO  StepDefinitions:170 - The password is typed into the field
2023-10-27 11:43:00 INFO  StepDefinitions:111 - The login button is clicked
2023-10-27 11:43:00 INFO  StepDefinitions:126 - 6 products are visible
2023-10-27 11:43:00 INFO  StepDefinitions:196 - The Add to cart button is clicked
2023-10-27 11:43:00 INFO  StepDefinitions:215 - The Shopping cart button is clicked
2023-10-27 11:43:00 INFO  StepDefinitions:209 - The item in the shopping cart is visible
2023-10-27 11:43:00 INFO  StepDefinitions:49 - The '4: An item is added to the shopping cart if I add it to the shopping cart'scenario ran successfully.
